[  0%] [  0%] Built target std_msgs_generate_messages_cpp
Built target std_msgs_generate_messages_lisp
[  0%] [ 11%] Built target std_msgs_generate_messages_py
Built target gtest
[ 22%] Built target realsense_camera_gencfg
[ 22%] Built target _realsense_camera_generate_messages_check_deps_cameraConfiguration
[ 33%] [ 66%] [ 66%] Built target realsense_camera_generate_messages_cpp
Built target realsense_camera_generate_messages_py
Built target realsense_camera_generate_messages_lisp
[ 77%] [32mBuilding CXX object CMakeFiles/realsense_camera_nodelet.dir/src/realsense_camera_nodelet.cpp.o
[0m[ 88%] [100%] [32mBuilding CXX object CMakeFiles/realsense_camera_test_rgbd.dir/test/realsense_camera_test_rgbd_node.cpp.o
[0m[32mBuilding CXX object CMakeFiles/realsense_camera_test.dir/test/realsense_camera_test_node.cpp.o
c++: internal compiler error: Killed (program cc1plus)
Please submit a full bug report,
with preprocessed source if appropriate.
See <file:///usr/share/doc/gcc-4.8/README.Bugs> for instructions.
make[2]: *** [CMakeFiles/realsense_camera_test_rgbd.dir/test/realsense_camera_test_rgbd_node.cpp.o] Error 4
make[1]: *** [CMakeFiles/realsense_camera_test_rgbd.dir/all] Error 2
make[1]: *** Waiting for unfinished jobs....
[0m[31m[1mLinking CXX shared library /root/catkin_ws/odroid-devel/.private/realsense_camera/lib/librealsense_camera_nodelet.so
[31m[1mLinking CXX executable /root/catkin_ws/odroid-devel/.private/realsense_camera/lib/realsense_camera/realsense_camera_test
[0m[0m[100%] Built target realsense_camera_nodelet
[100%] Built target realsense_camera_test
make: *** [all] Error 2
