-- Using CATKIN_DEVEL_PREFIX: /root/catkin_ws/odroid-devel/.private/realsense_camera
-- Using CMAKE_PREFIX_PATH: /root/catkin_ws/devel;/root/catkin_ws/odroid-devel;/opt/ros/indigo
-- This workspace overlays: /root/catkin_ws/devel;/root/catkin_ws/odroid-devel;/opt/ros/indigo
-- Using PYTHON_EXECUTABLE: /usr/bin/python
-- Using Debian Python package layout
-- Using empy: /usr/bin/empy
-- Using CATKIN_ENABLE_TESTING: ON
-- Call enable_testing()
-- Using CATKIN_TEST_RESULTS_DIR: /root/catkin_ws/odroid-build/realsense_camera/test_results
-- Found gtest sources under '/usr/src/gtest': gtests will be built
-- Using Python nosetests: /usr/bin/nosetests-2.7
-- catkin 0.6.18
-- Using these message generators: gencpp;genlisp;genpy
-- realsense_camera: 0 messages, 1 services
-- Configuring done
-- Generating done
-- Build files have been written to: /root/catkin_ws/odroid-build/realsense_camera
[35m[1mScanning dependencies of target realsense_camera_gencfg
[35m[1mScanning dependencies of target std_msgs_generate_messages_cpp
[35m[1mScanning dependencies of target std_msgs_generate_messages_lisp
[0m[0m[35m[1mScanning dependencies of target _realsense_camera_generate_messages_check_deps_cameraConfiguration
make[2]: Warning: File `/opt/ros/indigo/share/dynamic_reconfigure/cmake/../templates/ConfigType.h.template' has modification time 1e+08 s in the future
[0m[0m[35m[1mScanning dependencies of target std_msgs_generate_messages_py
[0m[35m[1mScanning dependencies of target gtest
[  0%] [  0%] Built target std_msgs_generate_messages_cpp
[ 11%] [0mBuilt target std_msgs_generate_messages_lisp
[ 11%] Built target std_msgs_generate_messages_py
[ 22%] [34m[1mGenerating dynamic reconfigure files from cfg/camera_params.cfg: /root/catkin_ws/odroid-devel/.private/realsense_camera/include/realsense_camera/camera_paramsConfig.h /root/catkin_ws/odroid-devel/.private/realsense_camera/lib/python2.7/dist-packages/realsense_camera/cfg/camera_paramsConfig.py
[0m[32mBuilding CXX object gtest/CMakeFiles/gtest.dir/src/gtest-all.cc.o
[0m[ 22%] Built target _realsense_camera_generate_messages_check_deps_cameraConfiguration
[35m[1mScanning dependencies of target realsense_camera_generate_messages_py
[35m[1mScanning dependencies of target realsense_camera_generate_messages_cpp
make[2]: Warning: File `/root/catkin_ws/src/camera/srv/cameraConfiguration.srv' has modification time 1.1e+08 s in the future
[0m[0m[35m[1mScanning dependencies of target realsense_camera_generate_messages_lisp
make[2]: Warning: File `/opt/ros/indigo/share/gencpp/cmake/../srv.h.template' has modification time 1e+08 s in the future
make[2]: Warning: File `/root/catkin_ws/src/camera/srv/cameraConfiguration.srv' has modification time 1.1e+08 s in the future
[0mGenerating reconfiguration files for camera_params in realsense_camera
[ 33%] Wrote header file in /root/catkin_ws/odroid-devel/.private/realsense_camera/include/realsense_camera/camera_paramsConfig.h
make[2]: warning:  Clock skew detected.  Your build may be incomplete.
[ 44%] [ 55%] [34m[1mGenerating Python code from SRV realsense_camera/cameraConfiguration
[0m[34m[1mGenerating Lisp code from realsense_camera/cameraConfiguration.srv
[0m[ 55%] [34m[1mGenerating C++ code from realsense_camera/cameraConfiguration.srv
[0mBuilt target realsense_camera_gencfg
make[2]: warning:  Clock skew detected.  Your build may be incomplete.
[ 55%] Built target realsense_camera_generate_messages_lisp
[ 66%] [34m[1mGenerating Python srv __init__.py for realsense_camera
make[2]: warning:  Clock skew detected.  Your build may be incomplete.
[0m[ 66%] Built target realsense_camera_generate_messages_py
make[2]: warning:  Clock skew detected.  Your build may be incomplete.
[ 66%] Built target realsense_camera_generate_messages_cpp
[35m[1mScanning dependencies of target realsense_camera_generate_messages
[35m[1mScanning dependencies of target realsense_camera_nodelet
[0m[ 66%] Built target realsense_camera_generate_messages
make[2]: Warning: File `/root/catkin_ws/src/camera/src/realsense_camera_nodelet.cpp' has modification time 1.1e+08 s in the future
[0m[ 77%] [32mBuilding CXX object CMakeFiles/realsense_camera_nodelet.dir/src/realsense_camera_nodelet.cpp.o
[0m[31m[1mLinking CXX shared library libgtest.so
[0m[ 77%] Built target gtest
[35m[1mScanning dependencies of target realsense_camera_test_rgbd
[35m[1mScanning dependencies of target realsense_camera_test
make[2]: Warning: File `/root/catkin_ws/src/camera/test/realsense_camera_test_rgbd_node.cpp' has modification time 1.1e+08 s in the future
make[2]: Warning: File `/root/catkin_ws/src/camera/test/realsense_camera_test_node.cpp' has modification time 1.1e+08 s in the future
[0m[0m[ 88%] [100%] [32mBuilding CXX object CMakeFiles/realsense_camera_test_rgbd.dir/test/realsense_camera_test_rgbd_node.cpp.o
[0m[32mBuilding CXX object CMakeFiles/realsense_camera_test.dir/test/realsense_camera_test_node.cpp.o
c++: internal compiler error: Killed (program cc1plus)
Please submit a full bug report,
with preprocessed source if appropriate.
See <file:///usr/share/doc/gcc-4.8/README.Bugs> for instructions.
make[2]: *** [CMakeFiles/realsense_camera_test.dir/test/realsense_camera_test_node.cpp.o] Error 4
make[1]: *** [CMakeFiles/realsense_camera_test.dir/all] Error 2
make[1]: *** Waiting for unfinished jobs....
[0m[31m[1mLinking CXX shared library /root/catkin_ws/odroid-devel/.private/realsense_camera/lib/librealsense_camera_nodelet.so
make[2]: warning:  Clock skew detected.  Your build may be incomplete.
[0m[100%] Built target realsense_camera_nodelet
[31m[1mLinking CXX executable /root/catkin_ws/odroid-devel/.private/realsense_camera/lib/realsense_camera/realsense_camera_test_rgbd
make[2]: warning:  Clock skew detected.  Your build may be incomplete.
[0m[100%] Built target realsense_camera_test_rgbd
make: *** [all] Error 2
